[ 2017-05-13T17:27:35+08:00 ] ::1 /ehviews/index.php?m=Admin&c=Public&a=cleancache
INFO: [ app_init ] --START--
INFO: Run Behavior\BuildLiteBehavior [ RunTime:0.000020s ]
INFO: Run Common\Behavior\InitHookBehavior [ RunTime:0.002070s ]
INFO: [ app_init ] --END-- [ RunTime:0.002598s ]
INFO: [ app_begin ] --START--
INFO: Run Behavior\ReadHtmlCacheBehavior [ RunTime:0.000749s ]
INFO: [ app_begin ] --END-- [ RunTime:0.000821s ]
NOTIC: [8] Undefined variable: data E:\Studio\PHPApplication\ehviews\App\Admin\Controller\PublicController.class.php 第 79 行.
NOTIC: [8] Undefined index: navTabId E:\Studio\PHPApplication\ehviews\App\Admin\Controller\PublicController.class.php 第 20 行.
SQL: SHOW COLUMNS FROM `eh_syslogs` [ RunTime:0.0012s ]
SQL: SHOW COLUMNS FROM `eh_node` [ RunTime:0.0007s ]
SQL: SELECT `title` FROM `eh_node` WHERE `name` = 'cleancache' AND `level` = 3 LIMIT 1   [ RunTime:0.0004s ]
SQL: INSERT INTO `eh_syslogs` (`modulename`,`actionname`,`opname`,`message`,`username`,`userid`,`userip`,`create_time`) VALUES ('公共模块','cleancache','','文件夹./Runtime/删除成功;</br>','admin','1','0.0.0.0','1494667655') [ RunTime:0.0004s ]

[ 2017-05-13T17:27:37+08:00 ] ::1 /ehviews/index.php?m=Admin&c=Index&a=index
INFO: [ app_init ] --START--
INFO: Run Behavior\BuildLiteBehavior [ RunTime:0.000030s ]
SQL: SHOW COLUMNS FROM `eh_hooks` [ RunTime:0.0012s ]
SQL: SELECT `name`,`addons` FROM `eh_hooks`  [ RunTime:0.0003s ]
SQL: SHOW COLUMNS FROM `eh_addons` [ RunTime:0.0007s ]
SQL: SELECT `id`,`name` FROM `eh_addons` WHERE `status` = 1 AND `name` IN ('LocalComment')  [ RunTime:0.0003s ]
SQL: SELECT `id`,`name` FROM `eh_addons` WHERE `status` = 1 AND `name` IN ('Avatar')  [ RunTime:0.0002s ]
INFO: Run Common\Behavior\InitHookBehavior [ RunTime:0.018645s ]
INFO: [ app_init ] --END-- [ RunTime:0.019266s ]
INFO: [ app_begin ] --START--
INFO: Run Behavior\ReadHtmlCacheBehavior [ RunTime:0.001021s ]
INFO: [ app_begin ] --END-- [ RunTime:0.001113s ]
SQL: SHOW COLUMNS FROM `eh_config` [ RunTime:0.0008s ]
SQL: SELECT `type`,`name`,`value` FROM `eh_config` WHERE `status` = 1  [ RunTime:0.0006s ]
SQL: SHOW COLUMNS FROM `eh_group` [ RunTime:0.0006s ]
SQL: SELECT * FROM `eh_group` WHERE `status` = 1 ORDER BY sort asc  [ RunTime:0.0003s ]
SQL: SHOW COLUMNS FROM `eh_node` [ RunTime:0.0005s ]
SQL: SELECT `id`,`name`,`group_id`,`title`,`remark`,`icon` FROM `eh_node` WHERE `level` = 2 AND `status` = 1 AND `pid` = 1 ORDER BY sort asc  [ RunTime:0.0006s ]
SQL: SHOW COLUMNS FROM `eh_addons` [ RunTime:0.0007s ]
SQL: SELECT `title`,`name` FROM `eh_addons` WHERE ( status=1 AND has_adminlist=1 )  [ RunTime:0.0004s ]
SQL: SHOW COLUMNS FROM `eh_member` [ RunTime:0.0007s ]
SQL: SHOW COLUMNS FROM `eh_ucenter_member` [ RunTime:0.0006s ]
SQL: SHOW COLUMNS FROM `eh_member` [ RunTime:0.0007s ]
SQL: SELECT `nickname` FROM `eh_member` WHERE `uid` = 1 LIMIT 1   [ RunTime:0.0003s ]
SQL: SHOW COLUMNS FROM `eh_avatar` [ RunTime:0.0007s ]
SQL: SELECT * FROM `eh_avatar` WHERE `uid` = 1 AND `status` = 1 AND `is_temp` = 0 LIMIT 1   [ RunTime:0.0003s ]
NOTIC: [8] Undefined index: nickname E:\Studio\PHPApplication\ehviews\App\Common\Common\user.php 第 356 行.
SQL: SHOW COLUMNS FROM `eh_article` [ RunTime:0.0008s ]
SQL: SELECT SUM(view) AS tp_sum FROM `eh_article` WHERE `status` = 1 LIMIT 1   [ RunTime:0.0004s ]
SQL: SELECT COUNT(*) AS tp_count FROM `eh_article` WHERE `status` = 1 LIMIT 1   [ RunTime:0.0003s ]
SQL: SHOW COLUMNS FROM `eh_member` [ RunTime:0.0007s ]
SQL: SELECT COUNT(*) AS tp_count FROM `eh_member` WHERE `status` = 1 LIMIT 1   [ RunTime:0.0003s ]
SQL: SHOW COLUMNS FROM `eh_syslogs` [ RunTime:0.0005s ]
SQL: SELECT * FROM `eh_syslogs` ORDER BY id desc LIMIT 10   [ RunTime:0.0004s ]
INFO: [ view_begin ] --START--
INFO: Run Common\Behavior\basictemplateBehavior [ RunTime:0.000851s ]
INFO: [ view_begin ] --END-- [ RunTime:0.000931s ]
INFO: [ view_parse ] --START--
INFO: [ template_filter ] --START--
INFO: Run Behavior\ContentReplaceBehavior [ RunTime:0.000170s ]
INFO: [ template_filter ] --END-- [ RunTime:0.000264s ]
NOTIC: [8] Undefined index: hassub E:\Studio\PHPApplication\ehviews\Runtime\App\Cache\Admin\9df924d9a2d217daa77a359c5bee0c33.php 第 58 行.
NOTIC: [8] Undefined index: hassub E:\Studio\PHPApplication\ehviews\Runtime\App\Cache\Admin\9df924d9a2d217daa77a359c5bee0c33.php 第 58 行.
NOTIC: [8] Undefined index: hassub E:\Studio\PHPApplication\ehviews\Runtime\App\Cache\Admin\9df924d9a2d217daa77a359c5bee0c33.php 第 58 行.
NOTIC: [8] Undefined index: hassub E:\Studio\PHPApplication\ehviews\Runtime\App\Cache\Admin\9df924d9a2d217daa77a359c5bee0c33.php 第 58 行.
NOTIC: [8] Undefined index: hassub E:\Studio\PHPApplication\ehviews\Runtime\App\Cache\Admin\9df924d9a2d217daa77a359c5bee0c33.php 第 58 行.
NOTIC: [8] Undefined index: hassub E:\Studio\PHPApplication\ehviews\Runtime\App\Cache\Admin\9df924d9a2d217daa77a359c5bee0c33.php 第 58 行.
NOTIC: [8] Undefined index: hassub E:\Studio\PHPApplication\ehviews\Runtime\App\Cache\Admin\9df924d9a2d217daa77a359c5bee0c33.php 第 58 行.
NOTIC: [8] Undefined index: hassub E:\Studio\PHPApplication\ehviews\Runtime\App\Cache\Admin\9df924d9a2d217daa77a359c5bee0c33.php 第 58 行.
NOTIC: [8] Undefined index: hassub E:\Studio\PHPApplication\ehviews\Runtime\App\Cache\Admin\9df924d9a2d217daa77a359c5bee0c33.php 第 58 行.
NOTIC: [8] Undefined index: hassub E:\Studio\PHPApplication\ehviews\Runtime\App\Cache\Admin\9df924d9a2d217daa77a359c5bee0c33.php 第 58 行.
NOTIC: [8] Undefined index: hassub E:\Studio\PHPApplication\ehviews\Runtime\App\Cache\Admin\9df924d9a2d217daa77a359c5bee0c33.php 第 58 行.
NOTIC: [8] Undefined index: hassub E:\Studio\PHPApplication\ehviews\Runtime\App\Cache\Admin\9df924d9a2d217daa77a359c5bee0c33.php 第 58 行.
NOTIC: [8] Undefined index: hassub E:\Studio\PHPApplication\ehviews\Runtime\App\Cache\Admin\9df924d9a2d217daa77a359c5bee0c33.php 第 58 行.
NOTIC: [8] Undefined index: hassub E:\Studio\PHPApplication\ehviews\Runtime\App\Cache\Admin\9df924d9a2d217daa77a359c5bee0c33.php 第 58 行.
NOTIC: [8] Undefined index: hassub E:\Studio\PHPApplication\ehviews\Runtime\App\Cache\Admin\9df924d9a2d217daa77a359c5bee0c33.php 第 58 行.
NOTIC: [8] Undefined index: hassub E:\Studio\PHPApplication\ehviews\Runtime\App\Cache\Admin\9df924d9a2d217daa77a359c5bee0c33.php 第 58 行.
NOTIC: [8] Undefined index: hassub E:\Studio\PHPApplication\ehviews\Runtime\App\Cache\Admin\9df924d9a2d217daa77a359c5bee0c33.php 第 58 行.
NOTIC: [8] Undefined index: hassub E:\Studio\PHPApplication\ehviews\Runtime\App\Cache\Admin\9df924d9a2d217daa77a359c5bee0c33.php 第 58 行.
NOTIC: [8] Undefined index: hassub E:\Studio\PHPApplication\ehviews\Runtime\App\Cache\Admin\9df924d9a2d217daa77a359c5bee0c33.php 第 58 行.
NOTIC: [8] Undefined index: hassub E:\Studio\PHPApplication\ehviews\Runtime\App\Cache\Admin\9df924d9a2d217daa77a359c5bee0c33.php 第 58 行.
NOTIC: [8] Undefined index: id E:\Studio\PHPApplication\ehviews\Runtime\App\Cache\Admin\9df924d9a2d217daa77a359c5bee0c33.php 第 342 行.
INFO: Run Behavior\ParseTemplateBehavior [ RunTime:0.022530s ]
INFO: [ view_parse ] --END-- [ RunTime:0.022616s ]
INFO: [ view_filter ] --START--
INFO: Run Behavior\WriteHtmlCacheBehavior [ RunTime:0.000749s ]
INFO: [ view_filter ] --END-- [ RunTime:0.000828s ]
INFO: [ app_end ] --START--
INFO: Run Behavior\ShowPageTraceBehavior [ RunTime:0.001229s ]
INFO: [ app_end ] --END-- [ RunTime:0.001332s ]

